<?xml version="1.0" encoding="UTF-8" standalone="yes"?><!DOCTYPE report PUBLIC "-//JACOCO//DTD Report 1.1//EN" "report.dtd"><report name="service"><sessioninfo id="LAPTOP-K7F9V6AS-6ab45a9e" start="1611930068579" dump="1611930070779"/><package name="com/exist/service"><class name="com/exist/service/Function" sourcefilename="Function.java"><method name="&lt;init&gt;" desc="()V" line="5"><counter type="INSTRUCTION" missed="0" covered="9"/><counter type="LINE" missed="0" covered="2"/><counter type="COMPLEXITY" missed="0" covered="1"/><counter type="METHOD" missed="0" covered="1"/></method><method name="print" desc="(Ljava/util/ArrayList;)V" line="9"><counter type="INSTRUCTION" missed="7" covered="0"/><counter type="LINE" missed="3" covered="0"/><counter type="COMPLEXITY" missed="1" covered="0"/><counter type="METHOD" missed="1" covered="0"/></method><method name="edit" desc="(IIILjava/lang/String;Ljava/util/ArrayList;)Ljava/util/ArrayList;" line="19"><counter type="INSTRUCTION" missed="0" covered="24"/><counter type="BRANCH" missed="0" covered="2"/><counter type="LINE" missed="0" covered="4"/><counter type="COMPLEXITY" missed="0" covered="2"/><counter type="METHOD" missed="0" covered="1"/></method><method name="search" desc="(Ljava/lang/String;Ljava/util/ArrayList;)Z" line="27"><counter type="INSTRUCTION" missed="0" covered="92"/><counter type="BRANCH" missed="0" covered="8"/><counter type="LINE" missed="0" covered="13"/><counter type="COMPLEXITY" missed="0" covered="5"/><counter type="METHOD" missed="0" covered="1"/></method><method name="addRow" desc="(ILjava/util/ArrayList;)Ljava/util/ArrayList;" line="47"><counter type="INSTRUCTION" missed="104" covered="0"/><counter type="BRANCH" missed="2" covered="0"/><counter type="LINE" missed="13" covered="0"/><counter type="COMPLEXITY" missed="2" covered="0"/><counter type="METHOD" missed="1" covered="0"/></method><method name="sort" desc="(IILjava/util/ArrayList;)Ljava/util/ArrayList;" line="64"><counter type="INSTRUCTION" missed="0" covered="37"/><counter type="BRANCH" missed="0" covered="2"/><counter type="LINE" missed="0" covered="10"/><counter type="COMPLEXITY" missed="0" covered="2"/><counter type="METHOD" missed="0" covered="1"/></method><method name="reset" desc="(II)Ljava/util/ArrayList;" line="85"><counter type="INSTRUCTION" missed="0" covered="110"/><counter type="BRANCH" missed="0" covered="6"/><counter type="LINE" missed="0" covered="20"/><counter type="COMPLEXITY" missed="0" covered="4"/><counter type="METHOD" missed="0" covered="1"/></method><method name="lambda$sort$3" desc="(Ljava/util/ArrayList;Ljava/lang/String;)V" line="77"><counter type="INSTRUCTION" missed="0" covered="17"/><counter type="LINE" missed="0" covered="3"/><counter type="COMPLEXITY" missed="0" covered="1"/><counter type="METHOD" missed="0" covered="1"/></method><method name="lambda$sort$2" desc="(Ljava/util/ArrayList;Lcom/exist/model/Table;)V" line="69"><counter type="INSTRUCTION" missed="0" covered="16"/><counter type="LINE" missed="0" covered="2"/><counter type="COMPLEXITY" missed="0" covered="1"/><counter type="METHOD" missed="0" covered="1"/></method><method name="lambda$print$1" desc="(Ljava/util/ArrayList;)V" line="10"><counter type="INSTRUCTION" missed="7" covered="0"/><counter type="LINE" missed="3" covered="0"/><counter type="COMPLEXITY" missed="1" covered="0"/><counter type="METHOD" missed="1" covered="0"/></method><method name="lambda$print$0" desc="(Lcom/exist/model/Table;)V" line="11"><counter type="INSTRUCTION" missed="17" covered="0"/><counter type="LINE" missed="2" covered="0"/><counter type="COMPLEXITY" missed="1" covered="0"/><counter type="METHOD" missed="1" covered="0"/></method><counter type="INSTRUCTION" missed="135" covered="305"/><counter type="BRANCH" missed="2" covered="18"/><counter type="LINE" missed="21" covered="54"/><counter type="COMPLEXITY" missed="5" covered="16"/><counter type="METHOD" missed="4" covered="7"/><counter type="CLASS" missed="0" covered="1"/></class><sourcefile name="Function.java"><line nr="5" mi="0" ci="2" mb="0" cb="0"/><line nr="6" mi="0" ci="7" mb="0" cb="0"/><line nr="9" mi="4" ci="0" mb="0" cb="0"/><line nr="10" mi="4" ci="0" mb="0" cb="0"/><line nr="11" mi="16" ci="0" mb="0" cb="0"/><line nr="12" mi="1" ci="0" mb="0" cb="0"/><line nr="13" mi="2" ci="0" mb="0" cb="0"/><line nr="14" mi="1" ci="0" mb="0" cb="0"/><line nr="15" mi="2" ci="0" mb="0" cb="0"/><line nr="16" mi="1" ci="0" mb="0" cb="0"/><line nr="19" mi="0" ci="3" mb="0" cb="2"/><line nr="20" mi="0" ci="10" mb="0" cb="0"/><line nr="22" mi="0" ci="9" mb="0" cb="0"/><line nr="24" mi="0" ci="2" mb="0" cb="0"/><line nr="27" mi="0" ci="3" mb="0" cb="0"/><line nr="28" mi="0" ci="2" mb="0" cb="0"/><line nr="29" mi="0" ci="8" mb="0" cb="2"/><line nr="30" mi="0" ci="11" mb="0" cb="2"/><line nr="31" mi="0" ci="2" mb="0" cb="0"/><line nr="32" mi="0" ci="23" mb="0" cb="0"/><line nr="33" mi="0" ci="4" mb="0" cb="0"/><line nr="34" mi="0" ci="5" mb="0" cb="2"/><line nr="35" mi="0" ci="2" mb="0" cb="2"/><line nr="36" mi="0" ci="18" mb="0" cb="0"/><line nr="37" mi="0" ci="10" mb="0" cb="0"/><line nr="38" mi="0" ci="2" mb="0" cb="0"/><line nr="42" mi="0" ci="2" mb="0" cb="0"/><line nr="47" mi="4" ci="0" mb="0" cb="0"/><line nr="48" mi="7" ci="0" mb="2" cb="0"/><line nr="49" mi="17" ci="0" mb="0" cb="0"/><line nr="50" mi="3" ci="0" mb="0" cb="0"/><line nr="51" mi="4" ci="0" mb="0" cb="0"/><line nr="52" mi="17" ci="0" mb="0" cb="0"/><line nr="53" mi="3" ci="0" mb="0" cb="0"/><line nr="54" mi="4" ci="0" mb="0" cb="0"/><line nr="55" mi="8" ci="0" mb="0" cb="0"/><line nr="56" mi="17" ci="0" mb="0" cb="0"/><line nr="57" mi="14" ci="0" mb="0" cb="0"/><line nr="59" mi="4" ci="0" mb="0" cb="0"/><line nr="60" mi="2" ci="0" mb="0" cb="0"/><line nr="64" mi="0" ci="4" mb="0" cb="0"/><line nr="65" mi="0" ci="4" mb="0" cb="0"/><line nr="67" mi="0" ci="7" mb="0" cb="0"/><line nr="68" mi="0" ci="1" mb="0" cb="0"/><line nr="69" mi="0" ci="15" mb="0" cb="0"/><line nr="70" mi="0" ci="1" mb="0" cb="0"/><line nr="71" mi="0" ci="3" mb="0" cb="2"/><line nr="72" mi="0" ci="3" mb="0" cb="0"/><line nr="74" mi="0" ci="3" mb="0" cb="0"/><line nr="76" mi="0" ci="5" mb="0" cb="0"/><line nr="77" mi="0" ci="4" mb="0" cb="0"/><line nr="78" mi="0" ci="12" mb="0" cb="0"/><line nr="79" mi="0" ci="1" mb="0" cb="0"/><line nr="80" mi="0" ci="5" mb="0" cb="0"/><line nr="82" mi="0" ci="2" mb="0" cb="0"/><line nr="85" mi="0" ci="4" mb="0" cb="0"/><line nr="86" mi="0" ci="4" mb="0" cb="0"/><line nr="87" mi="0" ci="4" mb="0" cb="0"/><line nr="88" mi="0" ci="2" mb="0" cb="0"/><line nr="89" mi="0" ci="2" mb="0" cb="0"/><line nr="90" mi="0" ci="2" mb="0" cb="0"/><line nr="91" mi="0" ci="2" mb="0" cb="0"/><line nr="92" mi="0" ci="13" mb="0" cb="0"/><line nr="93" mi="0" ci="9" mb="0" cb="2"/><line nr="94" mi="0" ci="4" mb="0" cb="0"/><line nr="95" mi="0" ci="2" mb="0" cb="0"/><line nr="96" mi="0" ci="9" mb="0" cb="2"/><line nr="98" mi="0" ci="2" mb="0" cb="0"/><line nr="99" mi="0" ci="2" mb="0" cb="0"/><line nr="101" mi="0" ci="7" mb="0" cb="2"/><line nr="102" mi="0" ci="14" mb="0" cb="0"/><line nr="103" mi="0" ci="14" mb="0" cb="0"/><line nr="104" mi="0" ci="8" mb="0" cb="0"/><line nr="106" mi="0" ci="4" mb="0" cb="0"/><line nr="108" mi="0" ci="2" mb="0" cb="0"/><counter type="INSTRUCTION" missed="135" covered="305"/><counter type="BRANCH" missed="2" covered="18"/><counter type="LINE" missed="21" covered="54"/><counter type="COMPLEXITY" missed="5" covered="16"/><counter type="METHOD" missed="4" covered="7"/><counter type="CLASS" missed="0" covered="1"/></sourcefile><counter type="INSTRUCTION" missed="135" covered="305"/><counter type="BRANCH" missed="2" covered="18"/><counter type="LINE" missed="21" covered="54"/><counter type="COMPLEXITY" missed="5" covered="16"/><counter type="METHOD" missed="4" covered="7"/><counter type="CLASS" missed="0" covered="1"/></package><counter type="INSTRUCTION" missed="135" covered="305"/><counter type="BRANCH" missed="2" covered="18"/><counter type="LINE" missed="21" covered="54"/><counter type="COMPLEXITY" missed="5" covered="16"/><counter type="METHOD" missed="4" covered="7"/><counter type="CLASS" missed="0" covered="1"/></report>