-------------------------------------------------------------------------------
Test set: com.exist.test.TestFunctionFail
-------------------------------------------------------------------------------
Tests run: 4, Failures: 4, Errors: 0, Skipped: 0, Time elapsed: 0.011 sec <<< FAILURE! - in com.exist.test.TestFunctionFail
testReset(com.exist.test.TestFunctionFail)  Time elapsed: 0 sec  <<< FAILURE!
java.lang.AssertionError: expected:<4> but was:<2>
	at com.exist.test.TestFunctionFail.testReset(TestFunctionFail.java:48)

testEdit(com.exist.test.TestFunctionFail)  Time elapsed: 0 sec  <<< FAILURE!
org.junit.ComparisonFailure: expected:<ee[]> but was:<ee[e]>
	at com.exist.test.TestFunctionFail.testEdit(TestFunctionFail.java:30)

testSort(com.exist.test.TestFunctionFail)  Time elapsed: 0 sec  <<< FAILURE!
org.junit.ComparisonFailure: expected:<aa[]> but was:<aa[a]>
	at com.exist.test.TestFunctionFail.testSort(TestFunctionFail.java:39)

testSearch(com.exist.test.TestFunctionFail)  Time elapsed: 0.011 sec  <<< FAILURE!
java.lang.AssertionError
	at com.exist.test.TestFunctionFail.testSearch(TestFunctionFail.java:55)

